#! /usr/bin/vvp
:ivl_version "11.0 (stable)";
:ivl_delay_selection "TYPICAL";
:vpi_time_precision + 0;
:vpi_module "/usr/lib/x86_64-linux-gnu/ivl/system.vpi";
:vpi_module "/usr/lib/x86_64-linux-gnu/ivl/vhdl_sys.vpi";
:vpi_module "/usr/lib/x86_64-linux-gnu/ivl/vhdl_textio.vpi";
:vpi_module "/usr/lib/x86_64-linux-gnu/ivl/v2005_math.vpi";
:vpi_module "/usr/lib/x86_64-linux-gnu/ivl/va_math.vpi";
S_0x62693302dd90 .scope module, "top_level" "top_level" 2 3;
 .timescale 0 0;
v0x626933088910_0 .net "alu_mode", 3 0, v0x6269330572e0_0;  1 drivers
v0x6269330889f0_0 .net "iaddr", 2 0, v0x6269330599c0_0;  1 drivers
v0x626933088ac0_0 .var "instr", 7 0;
v0x626933088bc0_0 .net "oaddr", 2 0, v0x6269330883f0_0;  1 drivers
v0x626933088c90_0 .net "opcode", 7 0, v0x626933088520_0;  1 drivers
v0x626933088d30_0 .net "operand_1", 2 0, L_0x626933088ed0;  1 drivers
v0x626933088e00_0 .net "operand_2", 2 0, L_0x626933089010;  1 drivers
S_0x62693302df20 .scope module, "decoder0" "decoder" 2 15, 3 3 0, S_0x62693302dd90;
 .timescale 0 0;
    .port_info 0 /INPUT 8 "instruction";
    .port_info 1 /OUTPUT 3 "operand_1";
    .port_info 2 /OUTPUT 3 "operand_2";
    .port_info 3 /OUTPUT 8 "opcode";
    .port_info 4 /OUTPUT 3 "iaddr";
    .port_info 5 /OUTPUT 3 "oaddr";
    .port_info 6 /OUTPUT 4 "alu_mode";
    .port_info 7 /INPUT 1 "c_da";
v0x6269330572e0_0 .var "alu_mode", 3 0;
o0x76811137f048 .functor BUFZ 1, C4<z>; HiZ drive
v0x626933059920_0 .net "c_da", 0 0, o0x76811137f048;  0 drivers
v0x6269330599c0_0 .var "iaddr", 2 0;
v0x626933088310_0 .net "instruction", 7 0, v0x626933088ac0_0;  1 drivers
v0x6269330883f0_0 .var "oaddr", 2 0;
v0x626933088520_0 .var "opcode", 7 0;
v0x626933088600_0 .net "operand_1", 2 0, L_0x626933088ed0;  alias, 1 drivers
v0x6269330886e0_0 .net "operand_2", 2 0, L_0x626933089010;  alias, 1 drivers
E_0x626933069b70 .event edge, v0x626933088520_0, v0x6269330886e0_0, v0x626933059920_0;
E_0x626933069fe0 .event edge, v0x626933088520_0, v0x626933088600_0, v0x6269330886e0_0;
E_0x6269330519b0 .event edge, v0x626933088310_0;
L_0x626933088ed0 .part v0x626933088ac0_0, 3, 3;
L_0x626933089010 .part v0x626933088ac0_0, 0, 3;
    .scope S_0x62693302df20;
T_0 ;
    %wait E_0x6269330519b0;
    %load/vec4 v0x626933088310_0;
    %dup/vec4;
    %pushi/vec4 0, 0, 8;
    %cmp/z;
    %jmp/1 T_0.0, 4;
    %dup/vec4;
    %pushi/vec4 1, 0, 8;
    %cmp/z;
    %jmp/1 T_0.1, 4;
    %dup/vec4;
    %pushi/vec4 2, 0, 8;
    %cmp/z;
    %jmp/1 T_0.2, 4;
    %dup/vec4;
    %pushi/vec4 3, 0, 8;
    %cmp/z;
    %jmp/1 T_0.3, 4;
    %dup/vec4;
    %pushi/vec4 4, 0, 8;
    %cmp/z;
    %jmp/1 T_0.4, 4;
    %dup/vec4;
    %pushi/vec4 16, 15, 8;
    %cmp/z;
    %jmp/1 T_0.5, 4;
    %dup/vec4;
    %pushi/vec4 64, 7, 8;
    %cmp/z;
    %jmp/1 T_0.6, 4;
    %dup/vec4;
    %pushi/vec4 72, 7, 8;
    %cmp/z;
    %jmp/1 T_0.7, 4;
    %dup/vec4;
    %pushi/vec4 80, 7, 8;
    %cmp/z;
    %jmp/1 T_0.8, 4;
    %dup/vec4;
    %pushi/vec4 88, 7, 8;
    %cmp/z;
    %jmp/1 T_0.9, 4;
    %dup/vec4;
    %pushi/vec4 96, 7, 8;
    %cmp/z;
    %jmp/1 T_0.10, 4;
    %dup/vec4;
    %pushi/vec4 104, 7, 8;
    %cmp/z;
    %jmp/1 T_0.11, 4;
    %dup/vec4;
    %pushi/vec4 128, 63, 8;
    %cmp/z;
    %jmp/1 T_0.12, 4;
    %dup/vec4;
    %pushi/vec4 32, 7, 8;
    %cmp/z;
    %jmp/1 T_0.13, 4;
    %dup/vec4;
    %pushi/vec4 40, 7, 8;
    %cmp/z;
    %jmp/1 T_0.14, 4;
    %load/vec4 v0x626933088310_0;
    %assign/vec4 v0x626933088520_0, 0;
    %jmp T_0.16;
T_0.0 ;
    %pushi/vec4 0, 0, 8;
    %assign/vec4 v0x626933088520_0, 0;
    %jmp T_0.16;
T_0.1 ;
    %pushi/vec4 1, 0, 8;
    %assign/vec4 v0x626933088520_0, 0;
    %jmp T_0.16;
T_0.2 ;
    %pushi/vec4 2, 0, 8;
    %assign/vec4 v0x626933088520_0, 0;
    %jmp T_0.16;
T_0.3 ;
    %pushi/vec4 3, 0, 8;
    %assign/vec4 v0x626933088520_0, 0;
    %jmp T_0.16;
T_0.4 ;
    %pushi/vec4 4, 0, 8;
    %assign/vec4 v0x626933088520_0, 0;
    %jmp T_0.16;
T_0.5 ;
    %pushi/vec4 16, 0, 8;
    %assign/vec4 v0x626933088520_0, 0;
    %jmp T_0.16;
T_0.6 ;
    %pushi/vec4 64, 0, 8;
    %assign/vec4 v0x626933088520_0, 0;
    %jmp T_0.16;
T_0.7 ;
    %pushi/vec4 72, 0, 8;
    %assign/vec4 v0x626933088520_0, 0;
    %jmp T_0.16;
T_0.8 ;
    %pushi/vec4 72, 0, 8;
    %assign/vec4 v0x626933088520_0, 0;
    %jmp T_0.16;
T_0.9 ;
    %pushi/vec4 88, 0, 8;
    %assign/vec4 v0x626933088520_0, 0;
    %jmp T_0.16;
T_0.10 ;
    %pushi/vec4 96, 0, 8;
    %assign/vec4 v0x626933088520_0, 0;
    %jmp T_0.16;
T_0.11 ;
    %pushi/vec4 88, 0, 8;
    %assign/vec4 v0x626933088520_0, 0;
    %jmp T_0.16;
T_0.12 ;
    %pushi/vec4 128, 0, 8;
    %assign/vec4 v0x626933088520_0, 0;
    %jmp T_0.16;
T_0.13 ;
    %pushi/vec4 16, 0, 8;
    %assign/vec4 v0x626933088520_0, 0;
    %jmp T_0.16;
T_0.14 ;
    %pushi/vec4 40, 0, 8;
    %assign/vec4 v0x626933088520_0, 0;
    %jmp T_0.16;
T_0.16 ;
    %pop/vec4 1;
    %jmp T_0;
    .thread T_0, $push;
    .scope S_0x62693302df20;
T_1 ;
    %wait E_0x626933069fe0;
    %load/vec4 v0x626933088520_0;
    %dup/vec4;
    %pushi/vec4 4, 0, 8;
    %cmp/u;
    %jmp/1 T_1.0, 6;
    %dup/vec4;
    %pushi/vec4 16, 0, 8;
    %cmp/u;
    %jmp/1 T_1.1, 6;
    %pushi/vec4 15, 15, 4;
    %assign/vec4 v0x6269330572e0_0, 0;
    %jmp T_1.3;
T_1.0 ;
    %pushi/vec4 2, 0, 4;
    %assign/vec4 v0x6269330572e0_0, 0;
    %jmp T_1.3;
T_1.1 ;
    %load/vec4 v0x626933088600_0;
    %parti/s 1, 0, 2;
    %load/vec4 v0x6269330886e0_0;
    %concat/vec4; draw_concat_vec4
    %assign/vec4 v0x6269330572e0_0, 0;
    %jmp T_1.3;
T_1.3 ;
    %pop/vec4 1;
    %jmp T_1;
    .thread T_1, $push;
    .scope S_0x62693302df20;
T_2 ;
    %wait E_0x626933069fe0;
    %load/vec4 v0x626933088520_0;
    %dup/vec4;
    %pushi/vec4 128, 0, 8;
    %cmp/u;
    %jmp/1 T_2.0, 6;
    %dup/vec4;
    %pushi/vec4 64, 0, 8;
    %cmp/u;
    %jmp/1 T_2.1, 6;
    %dup/vec4;
    %pushi/vec4 72, 0, 8;
    %cmp/u;
    %jmp/1 T_2.2, 6;
    %dup/vec4;
    %pushi/vec4 16, 0, 8;
    %cmp/u;
    %jmp/1 T_2.3, 6;
    %dup/vec4;
    %pushi/vec4 96, 0, 8;
    %cmp/u;
    %jmp/1 T_2.4, 6;
    %dup/vec4;
    %pushi/vec4 2, 0, 8;
    %cmp/u;
    %jmp/1 T_2.5, 6;
    %dup/vec4;
    %pushi/vec4 16, 0, 8;
    %cmp/u;
    %jmp/1 T_2.6, 6;
    %pushi/vec4 7, 7, 3;
    %assign/vec4 v0x6269330599c0_0, 0;
    %jmp T_2.8;
T_2.0 ;
    %load/vec4 v0x626933088600_0;
    %assign/vec4 v0x6269330599c0_0, 0;
    %jmp T_2.8;
T_2.1 ;
    %load/vec4 v0x6269330886e0_0;
    %assign/vec4 v0x6269330599c0_0, 0;
    %jmp T_2.8;
T_2.2 ;
    %load/vec4 v0x6269330886e0_0;
    %assign/vec4 v0x6269330599c0_0, 0;
    %jmp T_2.8;
T_2.3 ;
    %pushi/vec4 0, 0, 3;
    %assign/vec4 v0x6269330599c0_0, 0;
    %jmp T_2.8;
T_2.4 ;
    %load/vec4 v0x6269330886e0_0;
    %assign/vec4 v0x6269330599c0_0, 0;
    %jmp T_2.8;
T_2.5 ;
    %pushi/vec4 7, 0, 3;
    %assign/vec4 v0x6269330599c0_0, 0;
    %jmp T_2.8;
T_2.6 ;
    %load/vec4 v0x6269330886e0_0;
    %assign/vec4 v0x6269330599c0_0, 0;
    %jmp T_2.8;
T_2.8 ;
    %pop/vec4 1;
    %jmp T_2;
    .thread T_2, $push;
    .scope S_0x62693302df20;
T_3 ;
    %wait E_0x626933069b70;
    %load/vec4 v0x626933088520_0;
    %dup/vec4;
    %pushi/vec4 128, 0, 8;
    %cmp/u;
    %jmp/1 T_3.0, 6;
    %dup/vec4;
    %pushi/vec4 72, 0, 8;
    %cmp/u;
    %jmp/1 T_3.1, 6;
    %dup/vec4;
    %pushi/vec4 88, 0, 8;
    %cmp/u;
    %jmp/1 T_3.2, 6;
    %dup/vec4;
    %pushi/vec4 2, 0, 8;
    %cmp/u;
    %jmp/1 T_3.3, 6;
    %dup/vec4;
    %pushi/vec4 40, 0, 8;
    %cmp/u;
    %jmp/1 T_3.4, 6;
    %dup/vec4;
    %pushi/vec4 16, 0, 8;
    %cmp/u;
    %jmp/1 T_3.5, 6;
    %pushi/vec4 7, 7, 3;
    %assign/vec4 v0x6269330883f0_0, 0;
    %jmp T_3.7;
T_3.0 ;
    %load/vec4 v0x6269330886e0_0;
    %assign/vec4 v0x6269330883f0_0, 0;
    %jmp T_3.7;
T_3.1 ;
    %load/vec4 v0x6269330886e0_0;
    %assign/vec4 v0x6269330883f0_0, 0;
    %jmp T_3.7;
T_3.2 ;
    %load/vec4 v0x6269330886e0_0;
    %assign/vec4 v0x6269330883f0_0, 0;
    %jmp T_3.7;
T_3.3 ;
    %pushi/vec4 7, 0, 3;
    %assign/vec4 v0x6269330883f0_0, 0;
    %jmp T_3.7;
T_3.4 ;
    %load/vec4 v0x6269330886e0_0;
    %assign/vec4 v0x6269330883f0_0, 0;
    %jmp T_3.7;
T_3.5 ;
    %load/vec4 v0x626933059920_0;
    %flag_set/vec4 8;
    %jmp/0 T_3.8, 8;
    %pushi/vec4 0, 0, 3;
    %jmp/1 T_3.9, 8;
T_3.8 ; End of true expr.
    %load/vec4 v0x6269330886e0_0;
    %jmp/0 T_3.9, 8;
 ; End of false expr.
    %blend;
T_3.9;
    %assign/vec4 v0x6269330883f0_0, 0;
    %jmp T_3.7;
T_3.7 ;
    %pop/vec4 1;
    %jmp T_3;
    .thread T_3, $push;
    .scope S_0x62693302dd90;
T_4 ;
    %pushi/vec4 31, 0, 8;
    %store/vec4 v0x626933088ac0_0, 0, 8;
    %end;
    .thread T_4;
    .scope S_0x62693302dd90;
T_5 ;
    %vpi_call 2 26 "$monitor", "Time: %0t, instr: %b, operand1: %b, operand2: %b, opcode: %b, iaddr: %b, oaddr: %b, alu_mode: %b", $time, v0x626933088ac0_0, v0x626933088d30_0, v0x626933088e00_0, v0x626933088c90_0, v0x6269330889f0_0, v0x626933088bc0_0, v0x626933088910_0 {0 0 0};
    %delay 50, 0;
    %vpi_call 2 38 "$finish" {0 0 0};
    %end;
    .thread T_5;
# The file index is used to find the file name in the following table.
:file_names 4;
    "N/A";
    "<interactive>";
    "./testbenches/decoder_testbench.v";
    "decoder.v";
